0 info it worked if it ends with ok
1 verbose cli [ 'node', '/usr/local/bin/npm', 'rm', 'grunt' ]
2 info using npm@1.4.28
3 info using node@v0.10.32
4 verbose node_modules/grunt unbuild
5 info preuninstall grunt@0.4.5
6 info uninstall grunt@0.4.5
7 verbose true,/Users/nicoladesimone/Documents/dev/project/prgrunt/node_modules,/Users/nicoladesimone/Documents/dev/project/prgrunt/node_modules unbuild grunt@0.4.5
8 info postuninstall grunt@0.4.5
9 error Error: EACCES, unlink '/Users/nicoladesimone/Documents/dev/project/prgrunt/node_modules/grunt/node_modules/.bin/cake'
9 error  { [Error: EACCES, unlink '/Users/nicoladesimone/Documents/dev/project/prgrunt/node_modules/grunt/node_modules/.bin/cake']
9 error   errno: 3,
9 error   code: 'EACCES',
9 error   path: '/Users/nicoladesimone/Documents/dev/project/prgrunt/node_modules/grunt/node_modules/.bin/cake' }
10 error Please try running this command again as root/Administrator.
11 error System Darwin 14.3.0
12 error command "node" "/usr/local/bin/npm" "rm" "grunt"
13 error cwd /Users/nicoladesimone/Documents/dev/project/prgrunt
14 error node -v v0.10.32
15 error npm -v 1.4.28
16 error path /Users/nicoladesimone/Documents/dev/project/prgrunt/node_modules/grunt/node_modules/.bin/cake
17 error code EACCES
18 error errno 3
19 error stack Error: EACCES, unlink '/Users/nicoladesimone/Documents/dev/project/prgrunt/node_modules/grunt/node_modules/.bin/cake'
20 verbose exit [ 3, true ]
